# Logfile created on 2014-06-24 12:51:24 -0700 by logger.rb/41954
I, [2014-06-24T12:51:24.093082 #6558]  INFO -- : 0:  ffi (1.9.3) from /Users/plenipotence/.rvm/rubies/ruby-2.0.0-p353/lib/ruby/gems/2.0.0/specifications/ffi-1.9.3.gemspec
I, [2014-06-24T12:51:24.965096 #6558]  INFO -- : 0:  childprocess (0.5.3) from /Users/plenipotence/.rvm/rubies/ruby-2.0.0-p353/lib/ruby/gems/2.0.0/specifications/childprocess-0.5.3.gemspec
I, [2014-06-24T12:51:24.965811 #6558]  INFO -- : 0:  rack (1.5.2) from /Users/plenipotence/.rvm/rubies/ruby-2.0.0-p353/lib/ruby/gems/2.0.0/specifications/rack-1.5.2.gemspec
I, [2014-06-24T12:51:25.200277 #6558]  INFO -- : 0:  rack-reverse-proxy (0.4.4) from /Users/plenipotence/.rvm/rubies/ruby-2.0.0-p353/lib/ruby/gems/2.0.0/specifications/rack-reverse-proxy-0.4.4.gemspec
I, [2014-06-24T12:51:25.555168 #6558]  INFO -- : 0:  rack-legacy (0.9.1) from /Users/plenipotence/.rvm/rubies/ruby-2.0.0-p353/lib/ruby/gems/2.0.0/specifications/rack-legacy-0.9.1.gemspec
I, [2014-06-24T12:51:25.781395 #6558]  INFO -- : 0:  rack-rewrite (1.5.0) from /Users/plenipotence/.rvm/rubies/ruby-2.0.0-p353/lib/ruby/gems/2.0.0/specifications/rack-rewrite-1.5.0.gemspec
I, [2014-06-24T12:51:25.781939 #6558]  INFO -- : 0:  bundler (1.5.1) from /Users/plenipotence/.rvm/rubies/ruby-2.0.0-p353/lib/ruby/gems/2.0.0/specifications/bundler-1.5.1.gemspec
I, [2014-06-24T12:53:12.944420 #6779]  INFO -- : 0:  i18n (0.6.9) from /Users/plenipotence/.rvm/rubies/ruby-2.0.0-p353/lib/ruby/gems/2.0.0/specifications/i18n-0.6.9.gemspec
I, [2014-06-24T12:53:12.944986 #6779]  INFO -- : 0:  minitest (4.7.5) from /Users/plenipotence/.rvm/rubies/ruby-2.0.0-p353/lib/ruby/gems/2.0.0/specifications/minitest-4.7.5.gemspec
I, [2014-06-24T12:53:12.945531 #6779]  INFO -- : 0:  multi_json (1.10.0) from /Users/plenipotence/.rvm/rubies/ruby-2.0.0-p353/lib/ruby/gems/2.0.0/specifications/multi_json-1.10.0.gemspec
I, [2014-06-24T12:53:12.946025 #6779]  INFO -- : 0:  thread_safe (0.3.3) from /Users/plenipotence/.rvm/rubies/ruby-2.0.0-p353/lib/ruby/gems/2.0.0/specifications/thread_safe-0.3.3.gemspec
I, [2014-06-24T12:53:12.946481 #6779]  INFO -- : 0:  tzinfo (0.3.39) from /Users/plenipotence/.rvm/rubies/ruby-2.0.0-p353/lib/ruby/gems/2.0.0/specifications/tzinfo-0.3.39.gemspec
I, [2014-06-24T12:53:12.946986 #6779]  INFO -- : 0:  activesupport (4.0.2) from /Users/plenipotence/.rvm/rubies/ruby-2.0.0-p353/lib/ruby/gems/2.0.0/specifications/activesupport-4.0.2.gemspec
I, [2014-06-24T12:53:12.947431 #6779]  INFO -- : 0:  ffi (1.9.3) from /Users/plenipotence/.rvm/rubies/ruby-2.0.0-p353/lib/ruby/gems/2.0.0/specifications/ffi-1.9.3.gemspec
I, [2014-06-24T12:53:12.947911 #6779]  INFO -- : 0:  childprocess (0.5.3) from /Users/plenipotence/.rvm/rubies/ruby-2.0.0-p353/lib/ruby/gems/2.0.0/specifications/childprocess-0.5.3.gemspec
I, [2014-06-24T12:53:12.948400 #6779]  INFO -- : 0:  rack (1.5.2) from /Users/plenipotence/.rvm/rubies/ruby-2.0.0-p353/lib/ruby/gems/2.0.0/specifications/rack-1.5.2.gemspec
I, [2014-06-24T12:53:12.948899 #6779]  INFO -- : 0:  rack-reverse-proxy (0.4.4) from /Users/plenipotence/.rvm/rubies/ruby-2.0.0-p353/lib/ruby/gems/2.0.0/specifications/rack-reverse-proxy-0.4.4.gemspec
I, [2014-06-24T12:53:12.949355 #6779]  INFO -- : 0:  rack-legacy (0.9.1) from /Users/plenipotence/.rvm/rubies/ruby-2.0.0-p353/lib/ruby/gems/2.0.0/specifications/rack-legacy-0.9.1.gemspec
I, [2014-06-24T12:53:12.949845 #6779]  INFO -- : 0:  rack-rewrite (1.5.0) from /Users/plenipotence/.rvm/rubies/ruby-2.0.0-p353/lib/ruby/gems/2.0.0/specifications/rack-rewrite-1.5.0.gemspec
I, [2014-06-24T12:53:12.950341 #6779]  INFO -- : 0:  rb-fsevent (0.9.4) from /Users/plenipotence/.rvm/rubies/ruby-2.0.0-p353/lib/ruby/gems/2.0.0/specifications/rb-fsevent-0.9.4.gemspec
I, [2014-06-24T12:53:12.950849 #6779]  INFO -- : 0:  rb-inotify (0.9.3) from /Users/plenipotence/.rvm/rubies/ruby-2.0.0-p353/lib/ruby/gems/2.0.0/specifications/rb-inotify-0.9.3.gemspec
I, [2014-06-24T12:53:12.951304 #6779]  INFO -- : 0:  rb-kqueue (0.2.2) from /Users/plenipotence/.rvm/rubies/ruby-2.0.0-p353/lib/ruby/gems/2.0.0/specifications/rb-kqueue-0.2.2.gemspec
I, [2014-06-24T12:53:12.951815 #6779]  INFO -- : 0:  thor (0.19.1) from /Users/plenipotence/.rvm/rubies/ruby-2.0.0-p353/lib/ruby/gems/2.0.0/specifications/thor-0.19.1.gemspec
I, [2014-06-24T12:53:12.952225 #6779]  INFO -- : 0:  bundler (1.5.1) from /Users/plenipotence/.rvm/rubies/ruby-2.0.0-p353/lib/ruby/gems/2.0.0/specifications/bundler-1.5.1.gemspec
I, [2014-06-24T12:54:56.852313 #6859]  INFO -- : 0:  i18n (0.6.9) from /Users/plenipotence/.rvm/rubies/ruby-2.0.0-p353/lib/ruby/gems/2.0.0/specifications/i18n-0.6.9.gemspec
I, [2014-06-24T12:54:56.854051 #6859]  INFO -- : 0:  minitest (4.7.5) from /Users/plenipotence/.rvm/rubies/ruby-2.0.0-p353/lib/ruby/gems/2.0.0/specifications/minitest-4.7.5.gemspec
I, [2014-06-24T12:54:56.854474 #6859]  INFO -- : 0:  multi_json (1.10.0) from /Users/plenipotence/.rvm/rubies/ruby-2.0.0-p353/lib/ruby/gems/2.0.0/specifications/multi_json-1.10.0.gemspec
I, [2014-06-24T12:54:56.854908 #6859]  INFO -- : 0:  thread_safe (0.3.3) from /Users/plenipotence/.rvm/rubies/ruby-2.0.0-p353/lib/ruby/gems/2.0.0/specifications/thread_safe-0.3.3.gemspec
I, [2014-06-24T12:54:56.855339 #6859]  INFO -- : 0:  tzinfo (0.3.39) from /Users/plenipotence/.rvm/rubies/ruby-2.0.0-p353/lib/ruby/gems/2.0.0/specifications/tzinfo-0.3.39.gemspec
I, [2014-06-24T12:54:56.855740 #6859]  INFO -- : 0:  activesupport (4.0.2) from /Users/plenipotence/.rvm/rubies/ruby-2.0.0-p353/lib/ruby/gems/2.0.0/specifications/activesupport-4.0.2.gemspec
I, [2014-06-24T12:54:57.581289 #6859]  INFO -- : 0:  execjs (2.2.0) from /Users/plenipotence/.rvm/rubies/ruby-2.0.0-p353/lib/ruby/gems/2.0.0/specifications/execjs-2.2.0.gemspec
I, [2014-06-24T12:54:58.000579 #6859]  INFO -- : 0:  autoprefixer-rails (1.3.1.20140619) from /Users/plenipotence/.rvm/rubies/ruby-2.0.0-p353/lib/ruby/gems/2.0.0/specifications/autoprefixer-rails-1.3.1.20140619.gemspec
I, [2014-06-24T12:54:58.001152 #6859]  INFO -- : 0:  bundler (1.5.1) from /Users/plenipotence/.rvm/rubies/ruby-2.0.0-p353/lib/ruby/gems/2.0.0/specifications/bundler-1.5.1.gemspec
I, [2014-06-24T12:54:58.001548 #6859]  INFO -- : 0:  ffi (1.9.3) from /Users/plenipotence/.rvm/rubies/ruby-2.0.0-p353/lib/ruby/gems/2.0.0/specifications/ffi-1.9.3.gemspec
I, [2014-06-24T12:54:58.001917 #6859]  INFO -- : 0:  childprocess (0.5.3) from /Users/plenipotence/.rvm/rubies/ruby-2.0.0-p353/lib/ruby/gems/2.0.0/specifications/childprocess-0.5.3.gemspec
I, [2014-06-24T12:54:58.695406 #6859]  INFO -- : 0:  chunky_png (1.3.1) from /Users/plenipotence/.rvm/rubies/ruby-2.0.0-p353/lib/ruby/gems/2.0.0/specifications/chunky_png-1.3.1.gemspec
I, [2014-06-24T12:54:58.696138 #6859]  INFO -- : 0:  coffee-script-source (1.7.0) from /Users/plenipotence/.rvm/rubies/ruby-2.0.0-p353/lib/ruby/gems/2.0.0/specifications/coffee-script-source-1.7.0.gemspec
I, [2014-06-24T12:54:58.696599 #6859]  INFO -- : 0:  coffee-script (2.2.0) from /Users/plenipotence/.rvm/rubies/ruby-2.0.0-p353/lib/ruby/gems/2.0.0/specifications/coffee-script-2.2.0.gemspec
I, [2014-06-24T12:54:58.697052 #6859]  INFO -- : 0:  fssm (0.2.10) from /Users/plenipotence/.rvm/rubies/ruby-2.0.0-p353/lib/ruby/gems/2.0.0/specifications/fssm-0.2.10.gemspec
I, [2014-06-24T12:54:58.697510 #6859]  INFO -- : 0:  sass (3.2.19) from /Users/plenipotence/.rvm/rubies/ruby-2.0.0-p353/lib/ruby/gems/2.0.0/specifications/sass-3.2.19.gemspec
I, [2014-06-24T12:54:58.697979 #6859]  INFO -- : 0:  compass (0.12.6) from /Users/plenipotence/.rvm/rubies/ruby-2.0.0-p353/lib/ruby/gems/2.0.0/specifications/compass-0.12.6.gemspec
I, [2014-06-24T12:54:58.937473 #6859]  INFO -- : 0:  compass-import-once (1.0.4) from /Users/plenipotence/.rvm/rubies/ruby-2.0.0-p353/lib/ruby/gems/2.0.0/specifications/compass-import-once-1.0.4.gemspec
I, [2014-06-24T12:54:58.938095 #6859]  INFO -- : 0:  eventmachine (1.0.3) from /Users/plenipotence/.rvm/rubies/ruby-2.0.0-p353/lib/ruby/gems/2.0.0/specifications/eventmachine-1.0.3.gemspec
I, [2014-06-24T12:54:58.938556 #6859]  INFO -- : 0:  http_parser.rb (0.6.0) from /Users/plenipotence/.rvm/rubies/ruby-2.0.0-p353/lib/ruby/gems/2.0.0/specifications/http_parser.rb-0.6.0.gemspec
I, [2014-06-24T12:54:58.939042 #6859]  INFO -- : 0:  em-websocket (0.5.1) from /Users/plenipotence/.rvm/rubies/ruby-2.0.0-p353/lib/ruby/gems/2.0.0/specifications/em-websocket-0.5.1.gemspec
I, [2014-06-24T12:54:58.939494 #6859]  INFO -- : 0:  erubis (2.7.0) from /Users/plenipotence/.rvm/rubies/ruby-2.0.0-p353/lib/ruby/gems/2.0.0/specifications/erubis-2.7.0.gemspec
I, [2014-06-24T12:54:58.939847 #6859]  INFO -- : 0:  tilt (1.4.1) from /Users/plenipotence/.rvm/rubies/ruby-2.0.0-p353/lib/ruby/gems/2.0.0/specifications/tilt-1.4.1.gemspec
I, [2014-06-24T12:54:58.940303 #6859]  INFO -- : 0:  haml (4.0.5) from /Users/plenipotence/.rvm/rubies/ruby-2.0.0-p353/lib/ruby/gems/2.0.0/specifications/haml-4.0.5.gemspec
I, [2014-06-24T12:54:58.940767 #6859]  INFO -- : 0:  hike (1.2.3) from /Users/plenipotence/.rvm/rubies/ruby-2.0.0-p353/lib/ruby/gems/2.0.0/specifications/hike-1.2.3.gemspec
I, [2014-06-24T12:54:59.168254 #6859]  INFO -- : 0:  uber (0.0.6) from /Users/plenipotence/.rvm/rubies/ruby-2.0.0-p353/lib/ruby/gems/2.0.0/specifications/uber-0.0.6.gemspec
I, [2014-06-24T12:54:59.918506 #6859]  INFO -- : 0:  hooks (0.4.0) from /Users/plenipotence/.rvm/rubies/ruby-2.0.0-p353/lib/ruby/gems/2.0.0/specifications/hooks-0.4.0.gemspec
I, [2014-06-24T12:54:59.919268 #6859]  INFO -- : 0:  json (1.8.1) from /Users/plenipotence/.rvm/rubies/ruby-2.0.0-p353/lib/ruby/gems/2.0.0/specifications/json-1.8.1.gemspec
I, [2014-06-24T12:55:00.621085 #6859]  INFO -- : 0:  kramdown (1.4.0) from /Users/plenipotence/.rvm/rubies/ruby-2.0.0-p353/lib/ruby/gems/2.0.0/specifications/kramdown-1.4.0.gemspec
I, [2014-06-24T12:55:00.621711 #6859]  INFO -- : 0:  rb-fsevent (0.9.4) from /Users/plenipotence/.rvm/rubies/ruby-2.0.0-p353/lib/ruby/gems/2.0.0/specifications/rb-fsevent-0.9.4.gemspec
I, [2014-06-24T12:55:00.622063 #6859]  INFO -- : 0:  rb-inotify (0.9.3) from /Users/plenipotence/.rvm/rubies/ruby-2.0.0-p353/lib/ruby/gems/2.0.0/specifications/rb-inotify-0.9.3.gemspec
I, [2014-06-24T12:55:00.622404 #6859]  INFO -- : 0:  rb-kqueue (0.2.2) from /Users/plenipotence/.rvm/rubies/ruby-2.0.0-p353/lib/ruby/gems/2.0.0/specifications/rb-kqueue-0.2.2.gemspec
I, [2014-06-24T12:55:00.622741 #6859]  INFO -- : 0:  listen (1.3.1) from /Users/plenipotence/.rvm/rubies/ruby-2.0.0-p353/lib/ruby/gems/2.0.0/specifications/listen-1.3.1.gemspec
I, [2014-06-24T12:55:00.870795 #6859]  INFO -- : 0:  padrino-support (0.12.2) from /Users/plenipotence/.rvm/rubies/ruby-2.0.0-p353/lib/ruby/gems/2.0.0/specifications/padrino-support-0.12.2.gemspec
I, [2014-06-24T12:55:01.330948 #6859]  INFO -- : 0:  padrino-helpers (0.12.2) from /Users/plenipotence/.rvm/rubies/ruby-2.0.0-p353/lib/ruby/gems/2.0.0/specifications/padrino-helpers-0.12.2.gemspec
I, [2014-06-24T12:55:01.331715 #6859]  INFO -- : 0:  rack (1.5.2) from /Users/plenipotence/.rvm/rubies/ruby-2.0.0-p353/lib/ruby/gems/2.0.0/specifications/rack-1.5.2.gemspec
I, [2014-06-24T12:55:01.332094 #6859]  INFO -- : 0:  rack-test (0.6.2) from /Users/plenipotence/.rvm/rubies/ruby-2.0.0-p353/lib/ruby/gems/2.0.0/specifications/rack-test-0.6.2.gemspec
I, [2014-06-24T12:55:01.332441 #6859]  INFO -- : 0:  thor (0.19.1) from /Users/plenipotence/.rvm/rubies/ruby-2.0.0-p353/lib/ruby/gems/2.0.0/specifications/thor-0.19.1.gemspec
I, [2014-06-24T12:55:03.165909 #6859]  INFO -- : 0:  middleman-core (3.3.2) from /Users/plenipotence/.rvm/rubies/ruby-2.0.0-p353/lib/ruby/gems/2.0.0/specifications/middleman-core-3.3.2.gemspec
I, [2014-06-24T12:55:03.166945 #6859]  INFO -- : 0:  sprockets (2.12.1) from /Users/plenipotence/.rvm/rubies/ruby-2.0.0-p353/lib/ruby/gems/2.0.0/specifications/sprockets-2.12.1.gemspec
I, [2014-06-24T12:55:03.167506 #6859]  INFO -- : 0:  sprockets-helpers (1.1.0) from /Users/plenipotence/.rvm/rubies/ruby-2.0.0-p353/lib/ruby/gems/2.0.0/specifications/sprockets-helpers-1.1.0.gemspec
I, [2014-06-24T12:55:03.167992 #6859]  INFO -- : 0:  sprockets-sass (1.1.0) from /Users/plenipotence/.rvm/rubies/ruby-2.0.0-p353/lib/ruby/gems/2.0.0/specifications/sprockets-sass-1.1.0.gemspec
I, [2014-06-24T12:55:03.168475 #6859]  INFO -- : 0:  middleman-sprockets (3.3.3) from /Users/plenipotence/.rvm/rubies/ruby-2.0.0-p353/lib/ruby/gems/2.0.0/specifications/middleman-sprockets-3.3.3.gemspec
I, [2014-06-24T12:55:03.524114 #6859]  INFO -- : 0:  uglifier (2.5.1) from /Users/plenipotence/.rvm/rubies/ruby-2.0.0-p353/lib/ruby/gems/2.0.0/specifications/uglifier-2.5.1.gemspec
I, [2014-06-24T12:55:03.723572 #6859]  INFO -- : 0:  middleman (3.3.2) from /Users/plenipotence/.rvm/rubies/ruby-2.0.0-p353/lib/ruby/gems/2.0.0/specifications/middleman-3.3.2.gemspec
I, [2014-06-24T12:55:04.053493 #6859]  INFO -- : 0:  middleman-autoprefixer (1.1.3) from /Users/plenipotence/.rvm/rubies/ruby-2.0.0-p353/lib/ruby/gems/2.0.0/specifications/middleman-autoprefixer-1.1.3.gemspec
I, [2014-06-24T12:55:04.054055 #6859]  INFO -- : 0:  rack-livereload (0.3.15) from /Users/plenipotence/.rvm/rubies/ruby-2.0.0-p353/lib/ruby/gems/2.0.0/specifications/rack-livereload-0.3.15.gemspec
I, [2014-06-24T12:55:04.302707 #6859]  INFO -- : 0:  middleman-livereload (3.3.4) from /Users/plenipotence/.rvm/rubies/ruby-2.0.0-p353/lib/ruby/gems/2.0.0/specifications/middleman-livereload-3.3.4.gemspec
I, [2014-06-24T12:55:04.303500 #6859]  INFO -- : 0:  rack-reverse-proxy (0.4.4) from /Users/plenipotence/.rvm/rubies/ruby-2.0.0-p353/lib/ruby/gems/2.0.0/specifications/rack-reverse-proxy-0.4.4.gemspec
I, [2014-06-24T12:55:04.304157 #6859]  INFO -- : 0:  rack-legacy (0.9.1) from /Users/plenipotence/.rvm/rubies/ruby-2.0.0-p353/lib/ruby/gems/2.0.0/specifications/rack-legacy-0.9.1.gemspec
I, [2014-06-24T12:55:04.304638 #6859]  INFO -- : 0:  rack-rewrite (1.5.0) from /Users/plenipotence/.rvm/rubies/ruby-2.0.0-p353/lib/ruby/gems/2.0.0/specifications/rack-rewrite-1.5.0.gemspec
